<?xml version="1.0" encoding="UTF-8"?>
<robot generator="Robot 6.0.2 (Python 3.10.10 on win32)" generated="20230623 23:48:17.733" rpa="false" schemaversion="3">
<suite id="s1" name="Login" source="D:\Application\MySkill\robotframework\step\login.robot">
<test id="s1-t1" name="User Login with valid data" line="33">
<kw name="Open Browser to WebSauceDemo">
<kw name="Open Browser" library="SeleniumLibrary">
<arg>${LOGIN URL}</arg>
<arg>${BROWSER}</arg>
<doc>Opens a new browser instance to the optional ``url``.</doc>
<msg timestamp="20230623 23:48:17.899" level="INFO">Opening browser 'Chrome' to base url 'https://www.saucedemo.com/'.</msg>
<status status="PASS" starttime="20230623 23:48:17.899" endtime="20230623 23:48:21.132"/>
</kw>
<status status="PASS" starttime="20230623 23:48:17.897" endtime="20230623 23:48:21.132"/>
</kw>
<kw name="Input Username">
<kw name="Input Text" library="SeleniumLibrary">
<arg>${txtUsername}</arg>
<arg>standard_user</arg>
<doc>Types the given ``text`` into the text field identified by ``locator``.</doc>
<msg timestamp="20230623 23:48:21.133" level="INFO">Typing text 'standard_user' into text field 'user-name'.</msg>
<status status="PASS" starttime="20230623 23:48:21.132" endtime="20230623 23:48:21.211"/>
</kw>
<status status="PASS" starttime="20230623 23:48:21.132" endtime="20230623 23:48:21.213"/>
</kw>
<kw name="Input password">
<kw name="Input Text" library="SeleniumLibrary">
<arg>${txtPassword}</arg>
<arg>secret_sauce</arg>
<doc>Types the given ``text`` into the text field identified by ``locator``.</doc>
<msg timestamp="20230623 23:48:21.213" level="INFO">Typing text 'secret_sauce' into text field 'password'.</msg>
<status status="PASS" starttime="20230623 23:48:21.213" endtime="20230623 23:48:21.276"/>
</kw>
<status status="PASS" starttime="20230623 23:48:21.213" endtime="20230623 23:48:21.276"/>
</kw>
<kw name="Click login button">
<kw name="Click Button" library="SeleniumLibrary">
<arg>${btnLogin}</arg>
<doc>Clicks the button identified by ``locator``.</doc>
<msg timestamp="20230623 23:48:21.276" level="INFO">Clicking button 'login-button'.</msg>
<status status="PASS" starttime="20230623 23:48:21.276" endtime="20230623 23:48:21.339"/>
</kw>
<kw name="Sleep" library="BuiltIn">
<arg>1s</arg>
<doc>Pauses the test executed for the given time.</doc>
<msg timestamp="20230623 23:48:22.345" level="INFO">Slept 1 second</msg>
<status status="PASS" starttime="20230623 23:48:21.340" endtime="20230623 23:48:22.345"/>
</kw>
<status status="PASS" starttime="20230623 23:48:21.276" endtime="20230623 23:48:22.345"/>
</kw>
<kw name="Verify on Login Page">
<kw name="Page Should Contain" library="SeleniumLibrary">
<arg>Products</arg>
<doc>Verifies that current page contains ``text``.</doc>
<msg timestamp="20230623 23:48:22.357" level="INFO">Current page contains text 'Products'.</msg>
<status status="PASS" starttime="20230623 23:48:22.346" endtime="20230623 23:48:22.357"/>
</kw>
<status status="PASS" starttime="20230623 23:48:22.346" endtime="20230623 23:48:22.357"/>
</kw>
<status status="PASS" starttime="20230623 23:48:17.897" endtime="20230623 23:48:22.358"/>
</test>
<test id="s1-t2" name="User Login with valid data" line="40">
<kw name="Open Browser to WebSauceDemo">
<kw name="Open Browser" library="SeleniumLibrary">
<arg>${LOGIN URL}</arg>
<arg>${BROWSER}</arg>
<doc>Opens a new browser instance to the optional ``url``.</doc>
<msg timestamp="20230623 23:48:22.361" level="INFO">Opening browser 'Chrome' to base url 'https://www.saucedemo.com/'.</msg>
<status status="PASS" starttime="20230623 23:48:22.359" endtime="20230623 23:48:24.065"/>
</kw>
<status status="PASS" starttime="20230623 23:48:22.359" endtime="20230623 23:48:24.065"/>
</kw>
<kw name="Input Invalid Username">
<kw name="Input Text" library="SeleniumLibrary">
<arg>${txtUsername}</arg>
<arg>yuhu</arg>
<doc>Types the given ``text`` into the text field identified by ``locator``.</doc>
<msg timestamp="20230623 23:48:24.066" level="INFO">Typing text 'yuhu' into text field 'user-name'.</msg>
<status status="PASS" starttime="20230623 23:48:24.065" endtime="20230623 23:48:24.150"/>
</kw>
<status status="PASS" starttime="20230623 23:48:24.065" endtime="20230623 23:48:24.150"/>
</kw>
<kw name="Input password">
<kw name="Input Text" library="SeleniumLibrary">
<arg>${txtPassword}</arg>
<arg>secret_sauce</arg>
<doc>Types the given ``text`` into the text field identified by ``locator``.</doc>
<msg timestamp="20230623 23:48:24.151" level="INFO">Typing text 'secret_sauce' into text field 'password'.</msg>
<status status="PASS" starttime="20230623 23:48:24.151" endtime="20230623 23:48:24.217"/>
</kw>
<status status="PASS" starttime="20230623 23:48:24.151" endtime="20230623 23:48:24.217"/>
</kw>
<kw name="Click login button">
<kw name="Click Button" library="SeleniumLibrary">
<arg>${btnLogin}</arg>
<doc>Clicks the button identified by ``locator``.</doc>
<msg timestamp="20230623 23:48:24.217" level="INFO">Clicking button 'login-button'.</msg>
<status status="PASS" starttime="20230623 23:48:24.217" endtime="20230623 23:48:24.261"/>
</kw>
<kw name="Sleep" library="BuiltIn">
<arg>1s</arg>
<doc>Pauses the test executed for the given time.</doc>
<msg timestamp="20230623 23:48:25.270" level="INFO">Slept 1 second</msg>
<status status="PASS" starttime="20230623 23:48:24.261" endtime="20230623 23:48:25.270"/>
</kw>
<status status="PASS" starttime="20230623 23:48:24.217" endtime="20230623 23:48:25.270"/>
</kw>
<status status="PASS" starttime="20230623 23:48:22.359" endtime="20230623 23:48:25.270"/>
</test>
<status status="PASS" starttime="20230623 23:48:17.734" endtime="20230623 23:48:25.271"/>
</suite>
<statistics>
<total>
<stat pass="2" fail="0" skip="0">All Tests</stat>
</total>
<tag>
</tag>
<suite>
<stat pass="2" fail="0" skip="0" id="s1" name="Login">Login</stat>
</suite>
</statistics>
<errors>
<msg timestamp="20230623 23:48:22.359" level="WARN">Multiple tests with name 'User Login with valid data' executed in suite 'Login'.</msg>
</errors>
</robot>
